<?xml version="1.0" encoding="UTF-8"?>
<!-- Generated by org.testng.reporters.JUnitReportReporter -->
<testsuite skipped="0" hostname="InnovationM-117" name="com.inetBanking.testCases.TC_AddCustomerTest_002" tests="1" failures="0" timestamp="2020-10-19T17:56:01 IST" time="32.158" errors="0">
  <testcase name="addNewCustomer" time="32.158" classname="com.inetBanking.testCases.TC_AddCustomerTest_002"/>
  <system-out/>
</testsuite> <!-- com.inetBanking.testCases.TC_AddCustomerTest_002 -->
