<?xml version="1.0" encoding="UTF-8"?>
<!-- Generated by org.testng.reporters.JUnitReportReporter -->
<testsuite skipped="0" hostname="InnovationM-117" name="com.inetBanking.testCases.TC_AddCustomerTest_002" tests="1" failures="0" timestamp="2020-10-14T16:41:32 IST" time="24.311" errors="0">
  <testcase name="addNewCustomer" time="24.311" classname="com.inetBanking.testCases.TC_AddCustomerTest_002"/>
  <system-out/>
</testsuite> <!-- com.inetBanking.testCases.TC_AddCustomerTest_002 -->
