<?xml version="1.0" encoding="UTF-8"?>
<!-- Generated by org.testng.reporters.JUnitReportReporter -->
<testsuite skipped="0" hostname="InnovationM-117" name="com.inetBanking.testCases.TC_AddCustomerTest_002" tests="1" failures="0" timestamp="2020-10-21T17:43:37 IST" time="53.810" errors="0">
  <testcase name="addNewCustomer" time="53.810" classname="com.inetBanking.testCases.TC_AddCustomerTest_002"/>
  <system-out/>
</testsuite> <!-- com.inetBanking.testCases.TC_AddCustomerTest_002 -->
